{"type":"server-started","port":61641,"host":"127.0.0.1","url_host":"localhost","url":"http://localhost:61641","screen_dir":"D:\\develop\\CodeProject\\jay-boot\\.superpowers\\brainstorm\\ps-15036-1775581735.36635\\content","state_dir":"D:\\develop\\CodeProject\\jay-boot\\.superpowers\\brainstorm\\ps-15036-1775581735.36635\\state"}
{"type":"screen-added","file":"D:\\develop\\CodeProject\\jay-boot\\.superpowers\\brainstorm\\ps-15036-1775581735.36635\\content\\tenant-layout-options.html"}
{"source":"user-event","type":"click","text":"A\n    \n      业务概览 + 基础设置（推荐）\n      上方用 3 张业务卡片突出工作区名称、套餐、负责人；下方保留一个清晰的“基础设置”区仅改名称。信息可读性最好，改动成本低。\n      \n        优点业务视角直观与现有后端能力完全匹配风险低、上线快\n        取舍高级管理能力先不展示","choice":"a","id":null,"timestamp":1775553462334}
{"source":"user-event","type":"click","text":"B\n    \n      单页详情（信息面板化）\n      全部字段放在一个详情面板里，通过分组标题提升层次，编辑入口以内联方式出现。结构紧凑，适合中等信息量。\n      \n        优点结构规整学习成本低\n        取舍业务氛围较弱视觉记忆点一般","choice":"b","id":null,"timestamp":1775553464288}
{"source":"user-event","type":"click","text":"B\n    \n      单页详情（信息面板化）\n      全部字段放在一个详情面板里，通过分组标题提升层次，编辑入口以内联方式出现。结构紧凑，适合中等信息量。\n      \n        优点结构规整学习成本低\n        取舍业务氛围较弱视觉记忆点一般","choice":"b","id":null,"timestamp":1775553466602}
{"source":"user-event","type":"click","text":"B\n    \n      单页详情（信息面板化）\n      全部字段放在一个详情面板里，通过分组标题提升层次，编辑入口以内联方式出现。结构紧凑，适合中等信息量。\n      \n        优点结构规整学习成本低\n        取舍业务氛围较弱视觉记忆点一般","choice":"b","id":null,"timestamp":1775553467049}
{"source":"user-event","type":"click","text":"B\n    \n      单页详情（信息面板化）\n      全部字段放在一个详情面板里，通过分组标题提升层次，编辑入口以内联方式出现。结构紧凑，适合中等信息量。\n      \n        优点结构规整学习成本低\n        取舍业务氛围较弱视觉记忆点一般","choice":"b","id":null,"timestamp":1775553467369}
{"source":"user-event","type":"click","text":"C\n    \n      左右分栏（左信息右操作）\n      左侧展示租户档案，右侧专注编辑与提交反馈。操作动线清晰，但需要更多响应式细节适配。\n      \n        优点操作路径明确适合未来扩展更多表单项\n        取舍移动端适配复杂度较高实现成本略高","choice":"c","id":null,"timestamp":1775553467981}
{"source":"user-event","type":"click","text":"A\n    \n      业务概览 + 基础设置（推荐）\n      上方用 3 张业务卡片突出工作区名称、套餐、负责人；下方保留一个清晰的“基础设置”区仅改名称。信息可读性最好，改动成本低。\n      \n        优点业务视角直观与现有后端能力完全匹配风险低、上线快\n        取舍高级管理能力先不展示","choice":"a","id":null,"timestamp":1775553474741}
{"source":"user-event","type":"click","text":"A\n    \n      业务概览 + 基础设置（推荐）\n      上方用 3 张业务卡片突出工作区名称、套餐、负责人；下方保留一个清晰的“基础设置”区仅改名称。信息可读性最好，改动成本低。\n      \n        优点业务视角直观与现有后端能力完全匹配风险低、上线快\n        取舍高级管理能力先不展示","choice":"a","id":null,"timestamp":1775553474888}
{"source":"user-event","type":"click","text":"A\n    \n      业务概览 + 基础设置（推荐）\n      上方用 3 张业务卡片突出工作区名称、套餐、负责人；下方保留一个清晰的“基础设置”区仅改名称。信息可读性最好，改动成本低。\n      \n        优点业务视角直观与现有后端能力完全匹配风险低、上线快\n        取舍高级管理能力先不展示","choice":"a","id":null,"timestamp":1775553475765}
{"source":"user-event","type":"click","text":"A\n    \n      业务概览 + 基础设置（推荐）\n      上方用 3 张业务卡片突出工作区名称、套餐、负责人；下方保留一个清晰的“基础设置”区仅改名称。信息可读性最好，改动成本低。\n      \n        优点业务视角直观与现有后端能力完全匹配风险低、上线快\n        取舍高级管理能力先不展示","choice":"a","id":null,"timestamp":1775553481117}
{"source":"user-event","type":"click","text":"B\n    \n      单页详情（信息面板化）\n      全部字段放在一个详情面板里，通过分组标题提升层次，编辑入口以内联方式出现。结构紧凑，适合中等信息量。\n      \n        优点结构规整学习成本低\n        取舍业务氛围较弱视觉记忆点一般","choice":"b","id":null,"timestamp":1775553490422}
{"source":"user-event","type":"click","text":"B\n    \n      单页详情（信息面板化）\n      全部字段放在一个详情面板里，通过分组标题提升层次，编辑入口以内联方式出现。结构紧凑，适合中等信息量。\n      \n        优点结构规整学习成本低\n        取舍业务氛围较弱视觉记忆点一般","choice":"b","id":null,"timestamp":1775553492409}
{"source":"user-event","type":"click","text":"C\n    \n      左右分栏（左信息右操作）\n      左侧展示租户档案，右侧专注编辑与提交反馈。操作动线清晰，但需要更多响应式细节适配。\n      \n        优点操作路径明确适合未来扩展更多表单项\n        取舍移动端适配复杂度较高实现成本略高","choice":"c","id":null,"timestamp":1775553493832}
{"source":"user-event","type":"click","text":"C\n    \n      左右分栏（左信息右操作）\n      左侧展示租户档案，右侧专注编辑与提交反馈。操作动线清晰，但需要更多响应式细节适配。\n      \n        优点操作路径明确适合未来扩展更多表单项\n        取舍移动端适配复杂度较高实现成本略高","choice":"c","id":null,"timestamp":1775553494313}
{"source":"user-event","type":"click","text":"C\n    \n      左右分栏（左信息右操作）\n      左侧展示租户档案，右侧专注编辑与提交反馈。操作动线清晰，但需要更多响应式细节适配。\n      \n        优点操作路径明确适合未来扩展更多表单项\n        取舍移动端适配复杂度较高实现成本略高","choice":"c","id":null,"timestamp":1775553494653}
{"source":"user-event","type":"click","text":"C\n    \n      左右分栏（左信息右操作）\n      左侧展示租户档案，右侧专注编辑与提交反馈。操作动线清晰，但需要更多响应式细节适配。\n      \n        优点操作路径明确适合未来扩展更多表单项\n        取舍移动端适配复杂度较高实现成本略高","choice":"c","id":null,"timestamp":1775553495696}
{"source":"user-event","type":"click","text":"C\n    \n      左右分栏（左信息右操作）\n      左侧展示租户档案，右侧专注编辑与提交反馈。操作动线清晰，但需要更多响应式细节适配。\n      \n        优点操作路径明确适合未来扩展更多表单项\n        取舍移动端适配复杂度较高实现成本略高","choice":"c","id":null,"timestamp":1775553496029}
{"source":"user-event","type":"click","text":"B\n    \n      单页详情（信息面板化）\n      全部字段放在一个详情面板里，通过分组标题提升层次，编辑入口以内联方式出现。结构紧凑，适合中等信息量。\n      \n        优点结构规整学习成本低\n        取舍业务氛围较弱视觉记忆点一般","choice":"b","id":null,"timestamp":1775553496720}
{"source":"user-event","type":"click","text":"C\n    \n      左右分栏（左信息右操作）\n      左侧展示租户档案，右侧专注编辑与提交反馈。操作动线清晰，但需要更多响应式细节适配。\n      \n        优点操作路径明确适合未来扩展更多表单项\n        取舍移动端适配复杂度较高实现成本略高","choice":"c","id":null,"timestamp":1775553497245}
{"source":"user-event","type":"click","text":"B\n    \n      单页详情（信息面板化）\n      全部字段放在一个详情面板里，通过分组标题提升层次，编辑入口以内联方式出现。结构紧凑，适合中等信息量。\n      \n        优点结构规整学习成本低\n        取舍业务氛围较弱视觉记忆点一般","choice":"b","id":null,"timestamp":1775553497696}
{"source":"user-event","type":"click","text":"C\n    \n      左右分栏（左信息右操作）\n      左侧展示租户档案，右侧专注编辑与提交反馈。操作动线清晰，但需要更多响应式细节适配。\n      \n        优点操作路径明确适合未来扩展更多表单项\n        取舍移动端适配复杂度较高实现成本略高","choice":"c","id":null,"timestamp":1775553498177}
{"source":"user-event","type":"click","text":"C\n    \n      左右分栏（左信息右操作）\n      左侧展示租户档案，右侧专注编辑与提交反馈。操作动线清晰，但需要更多响应式细节适配。\n      \n        优点操作路径明确适合未来扩展更多表单项\n        取舍移动端适配复杂度较高实现成本略高","choice":"c","id":null,"timestamp":1775553504456}
{"source":"user-event","type":"click","text":"C\n    \n      左右分栏（左信息右操作）\n      左侧展示租户档案，右侧专注编辑与提交反馈。操作动线清晰，但需要更多响应式细节适配。\n      \n        优点操作路径明确适合未来扩展更多表单项\n        取舍移动端适配复杂度较高实现成本略高","choice":"c","id":null,"timestamp":1775553504985}
{"source":"user-event","type":"click","text":"C\n    \n      左右分栏（左信息右操作）\n      左侧展示租户档案，右侧专注编辑与提交反馈。操作动线清晰，但需要更多响应式细节适配。\n      \n        优点操作路径明确适合未来扩展更多表单项\n        取舍移动端适配复杂度较高实现成本略高","choice":"c","id":null,"timestamp":1775553505433}
{"source":"user-event","type":"click","text":"C\n    \n      左右分栏（左信息右操作）\n      左侧展示租户档案，右侧专注编辑与提交反馈。操作动线清晰，但需要更多响应式细节适配。\n      \n        优点操作路径明确适合未来扩展更多表单项\n        取舍移动端适配复杂度较高实现成本略高","choice":"c","id":null,"timestamp":1775553505740}
{"source":"user-event","type":"click","text":"C\n    \n      左右分栏（左信息右操作）\n      左侧展示租户档案，右侧专注编辑与提交反馈。操作动线清晰，但需要更多响应式细节适配。\n      \n        优点操作路径明确适合未来扩展更多表单项\n        取舍移动端适配复杂度较高实现成本略高","choice":"c","id":null,"timestamp":1775553505897}
{"source":"user-event","type":"click","text":"C\n    \n      左右分栏（左信息右操作）\n      左侧展示租户档案，右侧专注编辑与提交反馈。操作动线清晰，但需要更多响应式细节适配。\n      \n        优点操作路径明确适合未来扩展更多表单项\n        取舍移动端适配复杂度较高实现成本略高","choice":"c","id":null,"timestamp":1775553506268}
{"source":"user-event","type":"click","text":"C\n    \n      左右分栏（左信息右操作）\n      左侧展示租户档案，右侧专注编辑与提交反馈。操作动线清晰，但需要更多响应式细节适配。\n      \n        优点操作路径明确适合未来扩展更多表单项\n        取舍移动端适配复杂度较高实现成本略高","choice":"c","id":null,"timestamp":1775553506557}
{"source":"user-event","type":"click","text":"C\n    \n      左右分栏（左信息右操作）\n      左侧展示租户档案，右侧专注编辑与提交反馈。操作动线清晰，但需要更多响应式细节适配。\n      \n        优点操作路径明确适合未来扩展更多表单项\n        取舍移动端适配复杂度较高实现成本略高","choice":"c","id":null,"timestamp":1775553506765}
{"source":"user-event","type":"click","text":"C\n    \n      左右分栏（左信息右操作）\n      左侧展示租户档案，右侧专注编辑与提交反馈。操作动线清晰，但需要更多响应式细节适配。\n      \n        优点操作路径明确适合未来扩展更多表单项\n        取舍移动端适配复杂度较高实现成本略高","choice":"c","id":null,"timestamp":1775553507055}
{"source":"user-event","type":"click","text":"C\n    \n      左右分栏（左信息右操作）\n      左侧展示租户档案，右侧专注编辑与提交反馈。操作动线清晰，但需要更多响应式细节适配。\n      \n        优点操作路径明确适合未来扩展更多表单项\n        取舍移动端适配复杂度较高实现成本略高","choice":"c","id":null,"timestamp":1775553507251}
{"source":"user-event","type":"click","text":"C\n    \n      左右分栏（左信息右操作）\n      左侧展示租户档案，右侧专注编辑与提交反馈。操作动线清晰，但需要更多响应式细节适配。\n      \n        优点操作路径明确适合未来扩展更多表单项\n        取舍移动端适配复杂度较高实现成本略高","choice":"c","id":null,"timestamp":1775553507421}
{"source":"user-event","type":"click","text":"A\n    \n      业务概览 + 基础设置（推荐）\n      上方用 3 张业务卡片突出工作区名称、套餐、负责人；下方保留一个清晰的“基础设置”区仅改名称。信息可读性最好，改动成本低。\n      \n        优点业务视角直观与现有后端能力完全匹配风险低、上线快\n        取舍高级管理能力先不展示","choice":"a","id":null,"timestamp":1775553510186}
{"source":"user-event","type":"click","text":"A\n    \n      业务概览 + 基础设置（推荐）\n      上方用 3 张业务卡片突出工作区名称、套餐、负责人；下方保留一个清晰的“基础设置”区仅改名称。信息可读性最好，改动成本低。\n      \n        优点业务视角直观与现有后端能力完全匹配风险低、上线快\n        取舍高级管理能力先不展示","choice":"a","id":null,"timestamp":1775553515647}
{"source":"user-event","type":"click","text":"A\n    \n      业务概览 + 基础设置（推荐）\n      上方用 3 张业务卡片突出工作区名称、套餐、负责人；下方保留一个清晰的“基础设置”区仅改名称。信息可读性最好，改动成本低。\n      \n        优点业务视角直观与现有后端能力完全匹配风险低、上线快\n        取舍高级管理能力先不展示","choice":"a","id":null,"timestamp":1775553515805}
{"source":"user-event","type":"click","text":"A\n    \n      业务概览 + 基础设置（推荐）\n      上方用 3 张业务卡片突出工作区名称、套餐、负责人；下方保留一个清晰的“基础设置”区仅改名称。信息可读性最好，改动成本低。\n      \n        优点业务视角直观与现有后端能力完全匹配风险低、上线快\n        取舍高级管理能力先不展示","choice":"a","id":null,"timestamp":1775553516083}
{"source":"user-event","type":"click","text":"A\n    \n      业务概览 + 基础设置（推荐）\n      上方用 3 张业务卡片突出工作区名称、套餐、负责人；下方保留一个清晰的“基础设置”区仅改名称。信息可读性最好，改动成本低。\n      \n        优点业务视角直观与现有后端能力完全匹配风险低、上线快\n        取舍高级管理能力先不展示","choice":"a","id":null,"timestamp":1775553532777}
{"source":"user-event","type":"click","text":"A\n    \n      业务概览 + 基础设置（推荐）\n      上方用 3 张业务卡片突出工作区名称、套餐、负责人；下方保留一个清晰的“基础设置”区仅改名称。信息可读性最好，改动成本低。\n      \n        优点业务视角直观与现有后端能力完全匹配风险低、上线快\n        取舍高级管理能力先不展示","choice":"a","id":null,"timestamp":1775553533145}
{"source":"user-event","type":"click","text":"C\n    \n      左右分栏（左信息右操作）\n      左侧展示租户档案，右侧专注编辑与提交反馈。操作动线清晰，但需要更多响应式细节适配。\n      \n        优点操作路径明确适合未来扩展更多表单项\n        取舍移动端适配复杂度较高实现成本略高","choice":"c","id":null,"timestamp":1775553544672}
{"source":"user-event","type":"click","text":"C\n    \n      左右分栏（左信息右操作）\n      左侧展示租户档案，右侧专注编辑与提交反馈。操作动线清晰，但需要更多响应式细节适配。\n      \n        优点操作路径明确适合未来扩展更多表单项\n        取舍移动端适配复杂度较高实现成本略高","choice":"c","id":null,"timestamp":1775553544953}
{"source":"user-event","type":"click","text":"B\n    \n      单页详情（信息面板化）\n      全部字段放在一个详情面板里，通过分组标题提升层次，编辑入口以内联方式出现。结构紧凑，适合中等信息量。\n      \n        优点结构规整学习成本低\n        取舍业务氛围较弱视觉记忆点一般","choice":"b","id":null,"timestamp":1775553545758}
{"source":"user-event","type":"click","text":"B\n    \n      单页详情（信息面板化）\n      全部字段放在一个详情面板里，通过分组标题提升层次，编辑入口以内联方式出现。结构紧凑，适合中等信息量。\n      \n        优点结构规整学习成本低\n        取舍业务氛围较弱视觉记忆点一般","choice":"b","id":null,"timestamp":1775553546689}
{"source":"user-event","type":"click","text":"B\n    \n      单页详情（信息面板化）\n      全部字段放在一个详情面板里，通过分组标题提升层次，编辑入口以内联方式出现。结构紧凑，适合中等信息量。\n      \n        优点结构规整学习成本低\n        取舍业务氛围较弱视觉记忆点一般","choice":"b","id":null,"timestamp":1775553547468}
{"source":"user-event","type":"click","text":"A\n    \n      业务概览 + 基础设置（推荐）\n      上方用 3 张业务卡片突出工作区名称、套餐、负责人；下方保留一个清晰的“基础设置”区仅改名称。信息可读性最好，改动成本低。\n      \n        优点业务视角直观与现有后端能力完全匹配风险低、上线快\n        取舍高级管理能力先不展示","choice":"a","id":null,"timestamp":1775553548321}
{"source":"user-event","type":"click","text":"A\n    \n      业务概览 + 基础设置（推荐）\n      上方用 3 张业务卡片突出工作区名称、套餐、负责人；下方保留一个清晰的“基础设置”区仅改名称。信息可读性最好，改动成本低。\n      \n        优点业务视角直观与现有后端能力完全匹配风险低、上线快\n        取舍高级管理能力先不展示","choice":"a","id":null,"timestamp":1775553550397}
{"source":"user-event","type":"click","text":"A\n    \n      业务概览 + 基础设置（推荐）\n      上方用 3 张业务卡片突出工作区名称、套餐、负责人；下方保留一个清晰的“基础设置”区仅改名称。信息可读性最好，改动成本低。\n      \n        优点业务视角直观与现有后端能力完全匹配风险低、上线快\n        取舍高级管理能力先不展示","choice":"a","id":null,"timestamp":1775553551141}
{"source":"user-event","type":"click","text":"A\n    \n      业务概览 + 基础设置（推荐）\n      上方用 3 张业务卡片突出工作区名称、套餐、负责人；下方保留一个清晰的“基础设置”区仅改名称。信息可读性最好，改动成本低。\n      \n        优点业务视角直观与现有后端能力完全匹配风险低、上线快\n        取舍高级管理能力先不展示","choice":"a","id":null,"timestamp":1775553551144}
